{"level":"error","message":"Ocorreu um erro ao buscar os troncos PrismaClientValidationError: \nInvalid `prisma.priorities_api.create()` invocation:\n\n{\n  data: {\n    id: \"019505c7-9894-7079-aa7e-d21e5fd04a81\",\n        ~~~~~~~~~~~~~~~~~~~~~~~~~~~~~~~~~~~~~~\n    trunk: \"undefined\",\n    priority: \"undefined\",\n    start_date: \"undefined\",\n    end_date: \"undefined\",\n    created_date: \"undefined\"\n  }\n}\n\nArgument `id`: Invalid value provided. Expected Int, provided String.","service":"user-service"}
{"level":"error","message":"Ocorreu um erro ao buscar os troncos PrismaClientValidationError: \nInvalid `prisma.priorities_api.create()` invocation:\n\n{\n  data: {\n    id: \"019505c8-800e-7728-b03e-c0cf27ff3da7\",\n    trunk: \"undefined\",\n    priority: \"1\",\n              ~~~\n    start_date: \"undefined\",\n    end_date: \"undefined\",\n    created_date: \"2025-02-14T15:46:20Z\"\n  }\n}\n\nArgument `priority`: Invalid value provided. Expected Int, provided String.","service":"user-service"}
{"level":"error","message":"Ocorreu um erro ao buscar os troncos PrismaClientValidationError: \nInvalid `prisma.priorities_api.create()` invocation:\n\n{\n  data: {\n    id: \"019505c8-cf34-71b0-b0f6-40ffe2788537\",\n    trunk: \"undefined\",\n    priority: 1,\n    start_date: \"undefined\",\n                ~~~~~~~~~~~\n    end_date: \"undefined\",\n    created_date: \"2025-02-14T15:46:41Z\"\n  }\n}\n\nInvalid value for argument `start_date`: input contains invalid characters. Expected ISO-8601 DateTime.","service":"user-service"}
{"level":"error","message":"Ocorreu um erro ao buscar os troncos PrismaClientKnownRequestError: \nInvalid `prisma.priorities_api.create()` invocation:\n\n\nError converting field \"id\" of expected non-nullable type \"String\", found incompatible value of \"19505\".","service":"user-service"}
{"level":"error","message":"Ocorreu um erro ao definir o cache ReferenceError: tunks_formated is not defined","service":"user-service"}
{"level":"error","message":"Ocorreu um erro ao buscar ou adicionar o tronco: PrismaClientValidationError: \nInvalid `prisma.priorities_api.findUnique()` invocation:\n\n{\n  where: {\n    trunk: \"tronco123\",\n?   id?: String,\n?   AND?: priorities_apiWhereInput | priorities_apiWhereInput[],\n?   OR?: priorities_apiWhereInput[],\n?   NOT?: priorities_apiWhereInput | priorities_apiWhereInput[],\n?   priority?: IntFilter | Int,\n?   start_date?: DateTimeFilter | DateTime,\n?   end_date?: DateTimeNullableFilter | DateTime | Null,\n?   created_date?: DateTimeFilter | DateTime\n  }\n}\n\nArgument `where` of type priorities_apiWhereUniqueInput needs at least one of `id` arguments. Available options are marked with ?.","service":"user-service"}
{"level":"error","message":"Ocorreu um erro ao buscar ou adicionar o tronco: PrismaClientValidationError: \nInvalid `prisma.priorities_api.findUnique()` invocation:\n\n{\n  where: {\n    trunk: \"tronco123\",\n?   id?: String,\n?   AND?: priorities_apiWhereInput | priorities_apiWhereInput[],\n?   OR?: priorities_apiWhereInput[],\n?   NOT?: priorities_apiWhereInput | priorities_apiWhereInput[],\n?   priority?: IntFilter | Int,\n?   start_date?: DateTimeFilter | DateTime,\n?   end_date?: DateTimeNullableFilter | DateTime | Null,\n?   created_date?: DateTimeFilter | DateTime\n  }\n}\n\nArgument `where` of type priorities_apiWhereUniqueInput needs at least one of `id` arguments. Available options are marked with ?.","service":"user-service"}
{"level":"error","message":"Ocorreu um erro ao buscar ou adicionar o tronco: PrismaClientValidationError: \nInvalid `prisma.priorities_api.findUnique()` invocation:\n\n{\n  where: {\n    trunk: \"tronco123\",\n?   id?: String,\n?   AND?: priorities_apiWhereInput | priorities_apiWhereInput[],\n?   OR?: priorities_apiWhereInput[],\n?   NOT?: priorities_apiWhereInput | priorities_apiWhereInput[],\n?   priority?: IntFilter | Int,\n?   start_date?: DateTimeFilter | DateTime,\n?   end_date?: DateTimeNullableFilter | DateTime | Null,\n?   created_date?: DateTimeFilter | DateTime\n  }\n}\n\nArgument `where` of type priorities_apiWhereUniqueInput needs at least one of `id` arguments. Available options are marked with ?.","service":"user-service"}
{"level":"error","message":"Ocorreu um erro ao buscar ou adicionar o tronco: TypeError: logger.warning is not a function","service":"user-service"}
{"level":"error","message":"Ocorreu um erro ao buscar ou adicionar o tronco: TypeError: logger.warning is not a function","service":"user-service"}
{"level":"error","message":"Ocorreu um erro ao buscar ou adicionar o tronco: TypeError: logger.warning is not a function","service":"user-service"}
{"level":"error","message":"Ocorreu um erro ao buscar ou adicionar o tronco: TypeError: logger.warning is not a function","service":"user-service"}
{"level":"error","message":"Ocorreu um erro ao buscar ou adicionar o tronco: TypeError: logger.warning is not a function","service":"user-service"}
{"level":"error","message":"Ocorreu um erro ao buscar ou adicionar o tronco: TypeError: logger.warning is not a function","service":"user-service"}
{"level":"error","message":"Ocorreu um erro ao buscar ou adicionar o tronco: TypeError: logger.warning is not a function","service":"user-service"}
{"level":"error","message":"Ocorreu um erro ao buscar ou adicionar o tronco: TypeError: logger.warning is not a function","service":"user-service"}
{"level":"error","message":"Ocorreu um erro ao buscar ou adicionar o tronco: TypeError: logger.warning is not a function","service":"user-service"}
{"level":"error","message":"Ocorreu um erro ao buscar ou adicionar o tronco: Error: Tronco já existe: tronco123","service":"user-service"}
{"level":"error","message":"Ocorreu um erro ao buscar ou adicionar o tronco: Error: Tronco já existe: tronco123","service":"user-service"}
{"level":"error","message":"Ocorreu um erro ao buscar ou adicionar o tronco: Error: Tronco já existe: tronco123","service":"user-service"}
{"level":"error","message":"Ocorreu um erro ao buscar ou adicionar o tronco: Error: Tronco já existe: tronco123","service":"user-service"}
{"level":"error","message":"Ocorreu um erro ao buscar ou adicionar o tronco: Error: Tronco já existe: tronco123","service":"user-service"}
{"level":"error","message":"Ocorreu um erro ao buscar ou adicionar o tronco: Error: Tronco já existe: tronco1234","service":"user-service"}
{"level":"error","message":"Ocorreu um erro ao buscar ou adicionar o tronco: Error: Tronco já existe: tronco1234","service":"user-service"}
{"level":"error","message":"Ocorreu um erro ao buscar ou adicionar o tronco: Error: Tronco já existe: tronco1234","service":"user-service"}
{"level":"error","message":"Ocorreu um erro ao buscar ou adicionar o tronco: Error: Tronco já existe: tronco1234","service":"user-service"}
{"level":"error","message":"Ocorreu um erro ao buscar ou adicionar o tronco: ReferenceError: formatData is not defined","service":"user-service"}
{"level":"error","message":"Ocorreu um erro ao buscar ou adicionar o tronco: ReferenceError: existingTrunkInCache is not defined","service":"user-service"}
{"level":"error","message":"Ocorreu um erro ao buscar ou adicionar o tronco: ReferenceError: error is not defined","service":"user-service"}
{"level":"error","message":"Ocorreu um erro ao buscar ou adicionar o tronco: Error: Tronco não encontrado.","service":"user-service"}
{"level":"error","message":"Ocorreu um erro ao buscar ou adicionar o tronco: Error: Tronco não encontrado.","service":"user-service"}
{"level":"error","message":"Ocorreu um erro ao buscar ou adicionar o tronco: Error: Tronco não encontrado.","service":"user-service"}
{"level":"error","message":"Ocorreu um erro ao buscar ou adicionar o tronco: Error: Tronco não encontrado.","service":"user-service"}
{"level":"error","message":"Ocorreu um erro ao buscar ou adicionar o tronco: Error: Tronco não encontrado.","service":"user-service"}
{"level":"error","message":"Ocorreu um erro ao buscar ou adicionar o tronco: Error: Tronco não encontrado.","service":"user-service"}
{"level":"error","message":"Ocorreu um erro ao buscar ou adicionar o tronco: Error: Tronco não encontrado.","service":"user-service"}
{"level":"error","message":"Ocorreu um erro ao buscar ou adicionar o tronco: Error: Tronco não encontrado.","service":"user-service"}
{"level":"error","message":"Ocorreu um erro ao buscar ou adicionar o tronco: Error: Tronco não encontrado.","service":"user-service"}
{"level":"error","message":"Ocorreu um erro ao buscar ou adicionar o tronco: ReferenceError: fetchTrunks is not defined","service":"user-service"}
{"level":"error","message":"Ocorreu um erro ao buscar ou adicionar o tronco: Error: Tronco já existe: 240-78-CAMON","service":"user-service"}
{"level":"error","message":"Ocorreu um erro ao buscar ou adicionar o tronco: Error: Esse tronco já tem uma prioridade configurada existe: [object Object]","service":"user-service"}
{"level":"error","message":"Ocorreu um erro ao buscar ou adicionar o tronco: Error: Esse tronco já tem uma prioridade configurada existe: {\n  \"id\": \"01950611-ab3d-747c-88b5-f3d54ef753be\",\n  \"trunk\": \"240-78-CAMON\",\n  \"priority\": 1,\n  \"start_date\": \"2025-02-14T08:00:00.000Z\",\n  \"end_date\": \"2025-02-14T10:00:00.000Z\",\n  \"created_date\": \"2025-02-14T17:06:16.000Z\"\n}","service":"user-service"}
{"level":"error","message":"Ocorreu um erro ao buscar ou adicionar o tronco: Error: Esse tronco já tem uma prioridade configurada, delete ou edite a existente! }","service":"user-service"}
{"level":"error","message":"Ocorreu um erro ao buscar ou adicionar o tronco: Error: Esse tronco já tem uma prioridade configurada, delete ou edite a existente! }","service":"user-service"}
{"level":"error","message":"Ocorreu um erro ao buscar ou adicionar o tronco: Error: Esse tronco já tem uma prioridade configurada, delete ou edite a existente! }","service":"user-service"}
{"level":"error","message":"Ocorreu um erro ao buscar ou adicionar o tronco: Error: Esse tronco já tem uma prioridade configurada, delete ou edite a existente!","service":"user-service"}
{"level":"error","message":"Ocorreu um erro ao buscar ou adicionar o tronco: Error: Esse tronco já tem uma prioridade configurada, delete ou edite a existente!","service":"user-service"}
{"level":"error","message":"Ocorreu um erro ao buscar ou adicionar o tronco: PrismaClientValidationError: \nInvalid `prisma.priorities_api.upsert()` invocation:\n\n{\n  where: {\n    trunk: \"240-78-CAMON\",\n?   id?: String,\n?   AND?: priorities_apiWhereInput | priorities_apiWhereInput[],\n?   OR?: priorities_apiWhereInput[],\n?   NOT?: priorities_apiWhereInput | priorities_apiWhereInput[],\n?   priority?: IntFilter | Int,\n?   start_date?: DateTimeFilter | DateTime,\n?   end_date?: DateTimeNullableFilter | DateTime | Null,\n?   created_date?: DateTimeFilter | DateTime\n  },\n  update: {\n    priority: 1,\n    start_date: \"2025-02-14T08:00:00Z\",\n    end_date: \"2025-02-14T10:00:00Z\"\n  },\n  create: {\n    id: \"0195062e-e8ac-7545-bed9-d7dd759bf792\",\n    trunk: \"240-78-CAMON\",\n    priority: 1,\n    start_date: \"2025-02-14T08:00:00Z\",\n    end_date: \"2025-02-14T10:00:00Z\",\n    created_date: \"2025-02-14T17:38:12Z\"\n  }\n}\n\nArgument `where` of type priorities_apiWhereUniqueInput needs at least one of `id` arguments. Available options are marked with ?.","service":"user-service"}
{"level":"error","message":"Ocorreu um erro ao buscar ou adicionar o tronco: PrismaClientValidationError: \nInvalid `prisma.priorities_api.upsert()` invocation:\n\n{\n  where: {\n    trunk: \"240-78-CAMON\",\n?   id?: String,\n?   AND?: priorities_apiWhereInput | priorities_apiWhereInput[],\n?   OR?: priorities_apiWhereInput[],\n?   NOT?: priorities_apiWhereInput | priorities_apiWhereInput[],\n?   priority?: IntFilter | Int,\n?   start_date?: DateTimeFilter | DateTime,\n?   end_date?: DateTimeNullableFilter | DateTime | Null,\n?   created_date?: DateTimeFilter | DateTime\n  },\n  update: {\n    priority: 1,\n    start_date: \"2025-02-14T08:00:00Z\",\n    end_date: \"2025-02-14T10:00:00Z\"\n  },\n  create: {\n    id: \"01950630-aed2-741e-abfe-97ba377dbc8e\",\n    trunk: \"240-78-CAMON\",\n    priority: 1,\n    start_date: \"2025-02-14T08:00:00Z\",\n    end_date: \"2025-02-14T10:00:00Z\",\n    created_date: \"2025-02-14T17:40:08Z\"\n  }\n}\n\nArgument `where` of type priorities_apiWhereUniqueInput needs at least one of `id` arguments. Available options are marked with ?.","service":"user-service"}
{"level":"error","message":"Ocorreu um erro ao buscar ou adicionar o tronco: Error: Tronco não encontrado.","service":"user-service"}
{"level":"error","message":"Ocorreu um erro ao buscar ou adicionar o tronco: PrismaClientKnownRequestError: \nInvalid `prisma.priorities_api.delete()` invocation:\n\n\nAn operation failed because it depends on one or more records that were required but not found. Record to delete does not exist.","service":"user-service"}
{"level":"error","message":"Ocorreu um erro ao buscar ou adicionar o tronco: PrismaClientKnownRequestError: \nInvalid `prisma.priorities_api.delete()` invocation:\n\n\nAn operation failed because it depends on one or more records that were required but not found. Record to delete does not exist.","service":"user-service"}
{"level":"error","message":"Ocorreu um erro ao buscar ou adicionar o tronco: PrismaClientKnownRequestError: \nInvalid `prisma.priorities_api.delete()` invocation:\n\n\nAn operation failed because it depends on one or more records that were required but not found. Record to delete does not exist.","service":"user-service"}
{"level":"error","message":"Ocorreu um erro ao buscar ou adicionar o tronco: PrismaClientKnownRequestError: \nInvalid `prisma.priorities_api.delete()` invocation:\n\n\nAn operation failed because it depends on one or more records that were required but not found. Record to delete does not exist.","service":"user-service"}
{"level":"error","message":"Ocorreu um erro ao buscar ou adicionar o tronco: Error: Prioridade não encontrada para o tronco","service":"user-service"}
{"level":"error","message":"Ocorreu um erro ao buscar ou adicionar o tronco: Error: Prioridade não encontrada para o tronco","service":"user-service"}
{"level":"error","message":"Ocorreu um erro ao buscar ou adicionar o tronco: Error: Prioridade não encontrada para o tronco..","service":"user-service"}
{"level":"error","message":"Ocorreu um erro ao buscar ou adicionar o tronco: Error: Prioridade não encontrada para o tronco..","service":"user-service"}
{"level":"error","message":"Ocorreu um erro ao buscar ou adicionar o tronco: Error: Prioridade não encontrada para o tronco..","service":"user-service"}
{"level":"error","message":"Ocorreu um erro ao buscar ou adicionar o tronco: Error: Prioridade não encontrada para o tronco..","service":"user-service"}
{"level":"error","message":"Ocorreu um erro ao buscar ou adicionar o tronco: PrismaClientValidationError: \nInvalid `prisma.priorities_api.upsert()` invocation:\n\n{\n  where: {\n    trunk: \"190-172-AGTNET\"\n  },\n  update: {\n    priority: 10,\n    start_date: undefined,\n    end_date: undefined\n  },\n  create: {\n    id: \"01950ab1-83c6-712d-b8ac-5f835226b4a8\",\n    trunk: \"190-172-AGTNET\",\n    priority: 10,\n    end_date: undefined,\n    created_date: \"2025-02-15T14:39:20Z\",\n+   start_date: DateTime\n  }\n}\n\nArgument `start_date` is missing..","service":"user-service"}
{"level":"error","message":"Ocorreu um erro ao buscar ou adicionar o tronco: ReferenceError: formated_end_date is not defined.","service":"user-service"}
